<?xml version="1.0" encoding="UTF-8"?>
<coverage generated="1762779209534" clover="3.2.0">
  <project timestamp="1762779209535" name="All files">
    <metrics statements="23" coveredstatements="23" conditionals="19" coveredconditionals="19" methods="8" coveredmethods="8" elements="50" coveredelements="50" complexity="0" loc="23" ncloc="23" packages="1" files="1" classes="1"/>
    <file name="functions.js" path="C:\Users\u2486930\OneDrive - Roskilde Tekniske Skole\opgave\hovedfoløb\TESTING\vitest-velser\vitest-velser-Overlordka\src\functions.js">
      <metrics statements="23" coveredstatements="23" conditionals="19" coveredconditionals="19" methods="8" coveredmethods="8"/>
      <line num="3" count="4" type="stmt"/>
      <line num="4" count="9" type="cond" truecount="2" falsecount="0"/>
      <line num="5" count="2" type="stmt"/>
      <line num="6" count="7" type="cond" truecount="2" falsecount="0"/>
      <line num="7" count="2" type="stmt"/>
      <line num="8" count="5" type="cond" truecount="4" falsecount="0"/>
      <line num="9" count="2" type="stmt"/>
      <line num="11" count="3" type="stmt"/>
      <line num="17" count="2" type="stmt"/>
      <line num="21" count="2" type="stmt"/>
      <line num="22" count="2" type="stmt"/>
      <line num="23" count="2" type="cond" truecount="2" falsecount="0"/>
      <line num="24" count="1" type="stmt"/>
      <line num="26" count="1" type="stmt"/>
      <line num="33" count="3" type="cond" truecount="4" falsecount="0"/>
      <line num="34" count="1" type="stmt"/>
      <line num="35" count="2" type="cond" truecount="2" falsecount="0"/>
      <line num="36" count="1" type="stmt"/>
      <line num="38" count="1" type="stmt"/>
      <line num="42" count="3" type="stmt"/>
      <line num="43" count="2" type="stmt"/>
      <line num="44" count="2" type="cond" truecount="2" falsecount="0"/>
      <line num="45" count="1" type="stmt"/>
    </file>
  </project>
</coverage>
